* Micro Focus COBOL                  V9.0 revision 000 12-Jul-24 07:58 Page   1
* CBCUS01C.cbl
* Options: int("CBCUS01C.int") verbose
*          USE(/home/ec2-user/CrossPlatformBuild/CardDemo/UXBUILD/DIRECTIVES/DI
*          RFOLDER/CBCUS01C.cbl.dir)
*          USE(/home/ec2-user/CrossPlatformBuild/CardDemo/UXBUILD/DIRECTIVES/DE
*          FAULTDIR/DUMMY.DIR)
*          USE(/home/ec2-user/CrossPlatformBuild/CardDemo/UXBUILD/DIRECTIVES/DE
*          FAULTDIR/DUMMY.DIR)
*          USE(/home/ec2-user/CrossPlatformBuild/CardDemo/UXBUILD/DIRECTIVES/DE
*          FAULTDIR/DUMMY.DIR)
* Setting: NOACCEPTREFRESH
*          NOACU
*          NOACUCOMMENT
*          NOACUSYNC
*          NOACU-UNDERSCORE
*            ADV
*            ALIGN"8 OPT"
*            ALPHALITCONT"MARGIN"
*            ALPHASTART"1"
*            ALTER
*          NOAMODE
*            ANIM
*            ANS85
*            APOST
*            AREACHECK
*            ARITH"EXTEND"
*            ARITHMETIC"ENTCOBOL"
*            ASSIGN"EXTERNAL"
*          NOASSIGN-PRINTER
*          NOAUTOLOCK
*          NOBELL
*            BINLIT"BOOLEAN"
*          NOBOUND
*          NOBRIEF
*          NOBS2000
*            BWZSTAR
*            BYTEMODEMOVE
*            CALLFH"EXTFH"
*          NOCALLRECOVERY
*            CALLSORT"EXTSM"
*            CANCEL
*            CANCELLBR
*          NOCHANGEMESSAGE
*            CHARSET"EBCDIC"
*            CHECKDIV"ENTCOBOL"
*          NOCHECKREFMOD
*          NOCICS
*            CICS-CPY
*          NOCICSOPTIMIZE
*          NOCMPR2
*            COBFSTATCONV
*          NOCOBIDY
*          NOCOBOL370
*          NOCOBOLDIR
*          NOCOMMANDLINELINKAGE
*            COLLECTION"CardDemo"
*          NOCOMP
*            COMP"BINARY"
*            COMP1"FLOAT"
* Micro Focus COBOL                  V9.0 revision 000 12-Jul-24 07:58 Page   2
* CBCUS01C.cbl
*            COMP2"FLOAT"
*            COMP-5"2"
*            COMP-6"2"
*            CONFIRM
*          NOCONVERTRET
*            CONVSPACE
*            COPYEXT"cpy,cbl"
*            COPYLBR
*            COPYLIST
*            COPYLISTCOMMENT"7"
*            COPYSEARCH"MF"
*            CSI
*            CURRENCY-SIGN"36"
*            CURRENT-DATE"MMDDYY"
*          NODATA
*            DATACOMPRESS"0"
*          NODATA-CONTEXT
*          NODATAMAP
*            DATE
*            DBCHECK
*            DBCS"3"
*            DBCSSOSI"14""15"
*            DBSPACE
*            DE-EDIT"2"
*            DEFAULTBYTE"0"
*          NODEFAULTCALLS
*            DETECTLOCK
*          NODG
*            DIALECT"ENTCOBOL"
*          NODIRECTIVES-IN-COMMENTS
*            DISPLAY"CONSOLE"
*          NODISPLAYAT
*            DISPLAYPICU"ANSI"
*            DISPSIGN"COMPAT"
*          NODOSVS
*          NODOTNET
*            DPCINDATA"XML"
*            DPCINSUBSCRIPT
*          NODYNAM
*          NOEARLY-RELEASE
*            EBCCOLSEQ"1"
*            ECHO
*          NOECHOALL
*            ENTCOBOL
*          NOEOF1A
*            ERRFORMAT"2"
*            ERRLIST"VERBOSE"
*          NOERRQ
*          NOEXECSQLFLAG
*            EXITPROGRAM"ANSI"
*          NOFASTINIT
*            FASTSORT
*            FCD3
*          NOFCDALIGN
*          NOFCDREG
*            FDCLEAR"3"
*          NOFILESHARE
*            FILETYPE"0"
* Micro Focus COBOL                  V9.0 revision 000 12-Jul-24 07:58 Page   3
* CBCUS01C.cbl
*            FLAG"ENTCOBOL"
*            FLAGAS"S"
*          NOFLAGEUC
*          NOFLAGMIG
*          NOFLAGQ
*            FLAGSINEDIT
*          NOFLAGSTD
*            FOLDCALLNAME"UPPER"
*            FOLDCOPYNAME"UPPER"
*            FORM"60"
*            FP-ROUNDING"ENTCOBOL"
*          NOHOSTARITHMETIC
*            HOSTCONTZERO
*            HOST-NUMCOMPARE
*            HOST-NUMMOVE
*            HOSTFD
*          NOHOSTRW
*          NOIBM-MS
*            IBMCOMP
*            IDENTIFIERLEN"30"
*            IDXFORMAT"0"
*          NOIGNOREEXEC
*          NOIL
*          NOILGEN
*          NOILEMIT
*            IMPLICITSCOPE
*            INCFORMAT"PC"
*            INDD"SYSIN 80 R"
*          NOIDYSRCPATH
*            INFORETURN"0"
*          NOINITCALL
*            INITIAL"1"
*          NOINITPTR
*          NOINITBYTYPE
*            INT"CBCUS01C.int"
*            INTDATE"ANSI"
*            INTLEVEL"9"
*            IOCONV
*          NOISO2002
*          NOIXNLSKEY
*          NOIXNUMKEY
*          NOJAVACALLABLE
*          NOJAVAGENPROGS
*          NOJAVAGENSTRG
*            JAVAOUTPUTPATH""
*            JAVAPACKAGENAME"com.microfocus.COBOL"
*          NOJVMGEN
*            KEYCHECK
*            KEYCOMPRESS"0"
*          NOLIBRARIAN
*          NOLINE-COUNT
*            LIST"CBCUS01C.lst"
*            LISTPATH...
*          ..."/home/ec2-user/CrossPlatformBuild/CardDemo/UXBUILD/LISTINGS/CO"
*            LISTWIDTH"80"
*            LITVAL-SIZE"4"
*          NOLOCALSOURCEFORMAT
*            LOCKTYPE"0"
* Micro Focus COBOL                  V9.0 revision 000 12-Jul-24 07:58 Page   4
* CBCUS01C.cbl
*            MAPNAME
*          NOMAINFRAMEFLOATINGPOINT
*          NOMAXERROR
*            METHODDEFAULT"REFERENCE"
*          NOMF
*          NOMFCOMMENT
*          NOMFSYNC
*          NOMOVELENCHECK
*          NOMS
*          NOMVS
*            NATIONAL"1"
*            NATIVE"EBCDIC"
*          NONATIVEFLOATINGPOINT
*          NONCHAR
*          NONLS
*          NONLSCURRENCYLENGTH
*            NSYMBOL"NATIONAL"
*            NULLESCAPE
*          NOODOOSVS
*            ODOSLIDE
*          NOOLDBLANKLINE
*          NOOLDCOPY
*          NOOLDINDEX
*          NOOLDNEXTSENTENCE
*          NOOLDREADINTO
*          NOOLDSTRMIX
*            OOCTRL"-C-E-G+L-P+Q+R-S+W"
*          NOOPTIONAL-FILE
*          NOOS390
*            OSEXT""
*          NOOSVS
*            OUTDD"SYSOUT 121 R"
*            P64
*          NOPANVALET
*            PANVALET-INCLUDES-IN-COMMENTS
*            PERFORM-TYPE"ENTCOBOL"
*          NOPREPLIST
*          NOPREPROCESS
*            PRESERVECASE
*          NOPRINT-EXT
*          NOPROFILE
*          NOPROGID-COMMENT
*          NOPROGID-INT-NAME
*          NOPROTECT-LINKAGE
*            PROTOTYPE"RELAXED"
*            QUAL
*            QUALPROC
*          NOQUERY
*          NOQUOTE
*          NORAWLIST
*            RDW
*            RECMODE"ENTCOBOL"
*          NOREENTRANT
*          NOREF
*          NOREFNO
*            REMAINDER"2"
*            REPLACE"NOKEEPSEQ"
*            REPORT-LINE"256"
* Micro Focus COBOL                  V9.0 revision 000 12-Jul-24 07:58 Page   5
* CBCUS01C.cbl
*            RESEQ
*          NORETRYLOCK
*            REWRITE-LS
*          NORM
*          NORM-FILE-ERRORS
*            RTNCODE-SIZE"2"
*            RTNCODE-TYPE"COMP"
*          NORWHARDPAGE
*          NOSAA
*          NOSEG
*          NOSEQCHK
*            SEQUENTIAL"RECORD"
*          NOSERIAL
*            SETTING"COL"
*          NOSHAREOUTDD
*          NOSHOW-DIR
*            SIGN"EBCDIC"
*            SIGN"TRAILING"
*          NOSIGNDISCARD
*          NOSIGNFIXUP
*            SORTTYPE"DFSORT"
*          NOSOURCEENCODING
*            SOURCEFORMAT"FIXED"
*            SOURCETABSTOP"4"
*          NOSPZERO
*          NOSSRANGE
*            STDERR
*            STICKY-LINKAGE"1"
*          NOSTICKY-PERFORM
*            SUPFF
*            SWITCHTYPE"1"
*            SYMBSTART"1"
*            SYSPUNCH"80"
*            TERMPAGE
*          NOTESTCOVER
*            TIME
*          NOTRACE
*          NOTRUNC
*            TRUNCCALLNAME"8"
*            TRUNCCOPY"8"
*            TRUNCINC"10"
*            UNICODE"PORTABLE"
*            VERBOSE
*          NOVISUALSTUDIO
*          NOVSC2
*          NOWARNASERROR
*            WARNING"1"
*            WEBSERVER"CGI"
*          NOWRITELOCK
*          NOWRITETHRU
*          NOXMLGEN
*            XMLPARSE"XMLSS"
*          NOXOPEN
*          NOXREF
*            ZEROLENGTHFALSE
*          NOZEROSEQ
*            ZWB
     1 IDENTIFICATION DIVISION.
* Micro Focus COBOL                  V9.0 revision 000 12-Jul-24 07:58 Page   6
* CBCUS01C.cbl
     2 PROGRAM-ID.    CBCUS01C.
     3 AUTHOR.        AWS.
     4
     5 ENVIRONMENT DIVISION.
     6 INPUT-OUTPUT SECTION.
     7 FILE-CONTROL.
     8     SELECT CUSTFILE-FILE ASSIGN TO   CUSTFILE
     9            ORGANIZATION IS INDEXED
    10            ACCESS MODE  IS SEQUENTIAL
    11            RECORD KEY   IS FD-CUST-ID
    12            FILE STATUS  IS CUSTFILE-STATUS.
    13*
    14 DATA DIVISION.
    15 FILE SECTION.
    16 FD  CUSTFILE-FILE.
    17 01  FD-CUSTFILE-REC.
    18     05 FD-CUST-ID                        PIC 9(09).
    19     05 FD-CUST-DATA                      PIC X(491).
    20
    21 WORKING-STORAGE SECTION.
    22
    23*****************************************************************
    24*COPY CVCUS01Y.
    25*****************************************************************
    26*    Data-structure for Customer entity (RECLN 500)
    27*****************************************************************
    28 01  CUSTOMER-RECORD.
    29     05  CUST-ID                                 PIC 9(09).
    30     05  CUST-FIRST-NAME                         PIC X(25).
    31     05  CUST-MIDDLE-NAME                        PIC X(25).
    32     05  CUST-LAST-NAME                          PIC X(25).
    33     05  CUST-ADDR-LINE-1                        PIC X(50).
    34     05  CUST-ADDR-LINE-2                        PIC X(50).
    35     05  CUST-ADDR-LINE-3                        PIC X(50).
    36     05  CUST-ADDR-STATE-CD                      PIC X(02).
    37     05  CUST-ADDR-COUNTRY-CD                    PIC X(03).
    38     05  CUST-ADDR-ZIP                           PIC X(10).
    39     05  CUST-PHONE-NUM-1                        PIC X(15).
    40     05  CUST-PHONE-NUM-2                        PIC X(15).
    41     05  CUST-SSN                                PIC 9(09).
    42     05  CUST-GOVT-ISSUED-ID                     PIC X(20).
    43     05  CUST-DOB-YYYY-MM-DD                     PIC X(10).
    44     05  CUST-EFT-ACCOUNT-ID                     PIC X(10).
    45     05  CUST-PRI-CARD-HOLDER-IND                PIC X(01).
    46     05  CUST-FICO-CREDIT-SCORE                  PIC 9(03).
    47     05  FILLER                                  PIC X(168).
    48*
    49* Ver: CardDemo_v1.0-15-g27d6c6f-68 Date: 2022-07-19 23:16:00 CDT
    50*
    51 01  CUSTFILE-STATUS.
    52     05  CUSTFILE-STAT1      PIC X.
    53     05  CUSTFILE-STAT2      PIC X.
    54
    55 01  IO-STATUS.
    56     05  IO-STAT1            PIC X.
    57     05  IO-STAT2            PIC X.
    58 01  TWO-BYTES-BINARY        PIC 9(4) BINARY.
    59 01  TWO-BYTES-ALPHA         REDEFINES TWO-BYTES-BINARY.
* Micro Focus COBOL                  V9.0 revision 000 12-Jul-24 07:58 Page   7
* CBCUS01C.cbl
    60     05  TWO-BYTES-LEFT      PIC X.
    61     05  TWO-BYTES-RIGHT     PIC X.
    62 01  IO-STATUS-04.
    63     05  IO-STATUS-0401      PIC 9   VALUE 0.
    64     05  IO-STATUS-0403      PIC 999 VALUE 0.
    65
    66 01  APPL-RESULT             PIC S9(9)   COMP.
    67     88  APPL-AOK            VALUE 0.
    68     88  APPL-EOF            VALUE 16.
    69
    70 01  END-OF-FILE             PIC X(01)    VALUE 'N'.
    71 01  ABCODE                  PIC S9(9) BINARY.
    72 01  TIMING                  PIC S9(9) BINARY.
    73
    74*****************************************************************
    75 PROCEDURE DIVISION.
    76     DISPLAY 'START OF EXECUTION OF PROGRAM CBCUS01C'.
    77     PERFORM 0000-CUSTFILE-OPEN.
    78
    79     PERFORM UNTIL END-OF-FILE = 'Y'
    80         IF  END-OF-FILE = 'N'
    81             PERFORM 1000-CUSTFILE-GET-NEXT
    82             IF  END-OF-FILE = 'N'
    83                 DISPLAY CUSTOMER-RECORD
    84             END-IF
    85         END-IF
    86     END-PERFORM.
    87
    88     PERFORM 9000-CUSTFILE-CLOSE.
    89
    90     DISPLAY 'END OF EXECUTION OF PROGRAM CBCUS01C'.
    91
    92     GOBACK.
    93
    94*****************************************************************
    95* I/O ROUTINES TO ACCESS A KSDS, VSAM DATA SET...               *
    96*****************************************************************
    97 1000-CUSTFILE-GET-NEXT.
    98     READ CUSTFILE-FILE INTO CUSTOMER-RECORD.
    99     IF  CUSTFILE-STATUS = '00'
   100         MOVE 0 TO APPL-RESULT
   101         DISPLAY CUSTOMER-RECORD
   102     ELSE
   103         IF  CUSTFILE-STATUS = '10'
   104             MOVE 16 TO APPL-RESULT
   105         ELSE
   106             MOVE 12 TO APPL-RESULT
   107         END-IF
   108     END-IF
   109     IF  APPL-AOK
   110         CONTINUE
   111     ELSE
   112         IF  APPL-EOF
   113             MOVE 'Y' TO END-OF-FILE
   114         ELSE
   115             DISPLAY 'ERROR READING CUSTOMER FILE'
   116             MOVE CUSTFILE-STATUS TO IO-STATUS
   117             PERFORM Z-DISPLAY-IO-STATUS
* Micro Focus COBOL                  V9.0 revision 000 12-Jul-24 07:58 Page   8
* CBCUS01C.cbl
   118             PERFORM Z-ABEND-PROGRAM
   119         END-IF
   120     END-IF
   121     EXIT.
   122*---------------------------------------------------------------*
   123 0000-CUSTFILE-OPEN.
   124     MOVE 8 TO APPL-RESULT.
   125     OPEN INPUT CUSTFILE-FILE
   126     IF  CUSTFILE-STATUS = '00'
   127         MOVE 0 TO APPL-RESULT
   128     ELSE
   129         MOVE 12 TO APPL-RESULT
   130     END-IF
   131     IF  APPL-AOK
   132         CONTINUE
   133     ELSE
   134         DISPLAY 'ERROR OPENING CUSTFILE'
   135         MOVE CUSTFILE-STATUS TO IO-STATUS
   136         PERFORM Z-DISPLAY-IO-STATUS
   137         PERFORM Z-ABEND-PROGRAM
   138     END-IF
   139     EXIT.
   140*---------------------------------------------------------------*
   141 9000-CUSTFILE-CLOSE.
   142     ADD 8 TO ZERO GIVING APPL-RESULT.
   143     CLOSE CUSTFILE-FILE
   144     IF  CUSTFILE-STATUS = '00'
   145         SUBTRACT APPL-RESULT FROM APPL-RESULT
   146     ELSE
   147         ADD 12 TO ZERO GIVING APPL-RESULT
   148     END-IF
   149     IF  APPL-AOK
   150         CONTINUE
   151     ELSE
   152         DISPLAY 'ERROR CLOSING CUSTOMER FILE'
   153         MOVE CUSTFILE-STATUS TO IO-STATUS
   154         PERFORM Z-DISPLAY-IO-STATUS
   155         PERFORM Z-ABEND-PROGRAM
   156     END-IF
   157     EXIT.
   158
   159 Z-ABEND-PROGRAM.
   160     DISPLAY 'ABENDING PROGRAM'
   161     MOVE 0 TO TIMING
   162     MOVE 999 TO ABCODE
   163     CALL 'CEE3ABD'.
   164
   165*****************************************************************
   166 Z-DISPLAY-IO-STATUS.
   167     IF  IO-STATUS NOT NUMERIC
   168     OR  IO-STAT1 = '9'
   169         MOVE IO-STAT1 TO IO-STATUS-04(1:1)
   170         MOVE 0        TO TWO-BYTES-BINARY
   171         MOVE IO-STAT2 TO TWO-BYTES-RIGHT
   172         MOVE TWO-BYTES-BINARY TO IO-STATUS-0403
   173         DISPLAY 'FILE STATUS IS: NNNN' IO-STATUS-04
   174     ELSE
   175         MOVE '0000' TO IO-STATUS-04
* Micro Focus COBOL                  V9.0 revision 000 12-Jul-24 07:58 Page   9
* CBCUS01C.cbl
   176         MOVE IO-STATUS TO IO-STATUS-04(3:2)
   177         DISPLAY 'FILE STATUS IS: NNNN' IO-STATUS-04
   178     END-IF
   179     EXIT.
   180
   181*
   182* Ver: CardDemo_v1.0-15-g27d6c6f-68 Date: 2022-07-19 23:12:31 CDT
   183*
*
*
* Errors
* -Line- Col Code/severity Description
* Micro Focus COBOL                  V9.0 revision 000 Compiler
* (C) Copyright 1984-2024 Micro Focus or one of its affiliates.
*                                                        REF GKR-081900000A0
* Total Messages:     0
* Data:        4416     Code:        3957
